<?xml version="1.0" encoding="UTF-8"?>
<testsuite name="Cucumber" time="4.83" tests="30" skipped="0" failures="0" errors="0">
<testcase classname="Document Type Management" name="List all document types" time="0.33">
<system-out><![CDATA[
Given the system is running.................................................passed
And the database is clean...................................................passed
Given the following document types exist in the system:.....................passed
When I request all document types...........................................passed
Then I should receive 5 document types......................................passed
And the document types should include:......................................passed
And each document type should have the required fields:.....................passed
]]></system-out>
</testcase>
<testcase classname="Document Type Management" name="List only active document types" time="0.019">
<system-out><![CDATA[
Given the system is running.................................................passed
And the database is clean...................................................passed
Given the following document types exist in the system:.....................passed
When I request only active document types...................................passed
Then I should receive 2 document types......................................passed
And all returned document types should be active............................passed
And the active document types should be:....................................passed
]]></system-out>
</testcase>
<testcase classname="Document Type Management" name="Create a new document type successfully" time="0.007">
<system-out><![CDATA[
Given the system is running.................................................passed
And the database is clean...................................................passed
When I create a document type with the following details:...................passed
Then the document type should be created successfully.......................passed
And the document type should have the code "VISA"...........................passed
And the document type should be active......................................passed
]]></system-out>
</testcase>
<testcase classname="Document Type Management" name="Create document type with duplicate code" time="0.014">
<system-out><![CDATA[
Given the system is running.................................................passed
And the database is clean...................................................passed
Given a document type with code "PASSPORT" already exists...................passed
When I create a new document type with code "PASSPORT"......................passed
Then the document type creation should fail.................................passed
And I should receive an error about duplicate document type code............passed
]]></system-out>
</testcase>
<testcase classname="Document Type Management" name="Retrieve document type by code" time="0.012">
<system-out><![CDATA[
Given the system is running.................................................passed
And the database is clean...................................................passed
Given a document type exists with the following details:....................passed
When I request the document type by code "DNI"..............................passed
Then I should receive the document type details.............................passed
And the details should match the created document type......................passed
]]></system-out>
</testcase>
<testcase classname="Document Type Management" name="Search document types by name" time="0.02">
<system-out><![CDATA[
Given the system is running.................................................passed
And the database is clean...................................................passed
Given the following document types exist in the system:.....................passed
When I search for document types containing "License".......................passed
Then I should receive 2 document types......................................passed
And the returned document types should be:..................................passed
]]></system-out>
</testcase>
<testcase classname="Document Type Management" name="List document types with pagination" time="0.063">
<system-out><![CDATA[
Given the system is running.................................................passed
And the database is clean...................................................passed
Given there are 15 document types in the system.............................passed
When I request document types with page size 5 and page number 2............passed
Then I should receive 5 document types......................................passed
And the response should indicate page 2 of 3 total pages....................passed
And the response should include pagination metadata.........................passed
]]></system-out>
</testcase>
<testcase classname="Guest Management" name="Register a new guest successfully" time="0.045">
<system-out><![CDATA[
Given the system is running.................................................passed
And the database is clean...................................................passed
When I create a new guest with the following details:.......................passed
Then the guest should be created successfully...............................passed
And the guest should have a unique ID.......................................passed
And the guest creation event should be published............................passed
]]></system-out>
</testcase>
<testcase classname="Guest Management" name="Register guest with invalid email" time="0.006">
<system-out><![CDATA[
Given the system is running.................................................passed
And the database is clean...................................................passed
When I create a new guest with invalid email "invalid-email"................passed
Then the guest creation should fail.........................................passed
And I should receive a validation error about invalid email format..........passed
]]></system-out>
</testcase>
<testcase classname="Guest Management" name="Register duplicate guest" time="0.009">
<system-out><![CDATA[
Given the system is running.................................................passed
And the database is clean...................................................passed
Given a guest exists with email "existing@email.com"........................passed
When I create a new guest with email "existing@email.com"...................passed
Then the guest creation should fail.........................................passed
And I should receive an error about duplicate email.........................passed
]]></system-out>
</testcase>
<testcase classname="Guest Management" name="Retrieve guest information" time="0.009">
<system-out><![CDATA[
Given the system is running.................................................passed
And the database is clean...................................................passed
Given a guest exists with the following details:............................passed
When I request the guest information by ID..................................passed
Then I should receive the guest details.....................................passed
And the details should match the created guest..............................passed
]]></system-out>
</testcase>
<testcase classname="Guest Management" name="List all guests" time="0.014">
<system-out><![CDATA[
Given the system is running.................................................passed
And the database is clean...................................................passed
Given the following guests exist:...........................................passed
When I request the list of all guests.......................................passed
Then I should receive 3 guests..............................................passed
And the list should contain all created guests..............................passed
]]></system-out>
</testcase>
<testcase classname="Guest Management" name="Update guest contact information" time="0.019">
<system-out><![CDATA[
Given the system is running.................................................passed
And the database is clean...................................................passed
Given a guest exists with email "update@email.com"..........................passed
When I update the guest's contact information:..............................passed
Then the guest's contact information should be updated......................passed
And the new information should be persisted.................................passed
]]></system-out>
</testcase>
<testcase classname="Filter Reservations" name="Filter reservations by status - CONFIRMED" time="0.112">
<system-out><![CDATA[
Given the database is clean.................................................passed
Given the following guests exist:...........................................passed
And the following room types exist:.........................................passed
And the following rooms exist:..............................................passed
And the following reservations exist:.......................................passed
When I filter reservations by status "CONFIRMED"............................passed
Then the response should be successful......................................passed
And I should receive 2 reservations.........................................passed
And all returned reservations should have status "CONFIRMED"................passed
]]></system-out>
</testcase>
<testcase classname="Filter Reservations" name="Filter reservations by status - CHECKED_IN" time="0.091">
<system-out><![CDATA[
Given the database is clean.................................................passed
Given the following guests exist:...........................................passed
And the following room types exist:.........................................passed
And the following rooms exist:..............................................passed
And the following reservations exist:.......................................passed
When I filter reservations by status "CHECKED_IN"...........................passed
Then the response should be successful......................................passed
And I should receive 2 reservations.........................................passed
And all returned reservations should have status "CHECKED_IN"...............passed
]]></system-out>
</testcase>
<testcase classname="Reservation Management" name="Create a new reservation successfully" time="0.029">
<system-out><![CDATA[
Given the system is running.................................................passed
And the database is clean...................................................passed
And the following room types exist:.........................................passed
And the following rooms exist:..............................................passed
Given a guest exists with email "guest@email.com"...........................passed
When I create a reservation with the following details:.....................passed
Then the reservation should be created successfully.........................passed
And the reservation should have a unique code...............................passed
And the reservation status should be CONFIRMED..............................passed
And the reservation creation event should be published......................passed
]]></system-out>
</testcase>
<testcase classname="Reservation Management" name="Create reservation with invalid dates" time="0.027">
<system-out><![CDATA[
Given the system is running.................................................passed
And the database is clean...................................................passed
And the following room types exist:.........................................passed
And the following rooms exist:..............................................passed
Given a guest exists with email "guest@email.com"...........................passed
When I create a reservation with check-out date before check-in date........passed
Then the reservation creation should fail...................................passed
And I should receive a validation error about invalid dates.................passed
]]></system-out>
</testcase>
<testcase classname="Reservation Management" name="Create reservation for non-existent guest" time="0.02">
<system-out><![CDATA[
Given the system is running.................................................passed
And the database is clean...................................................passed
And the following room types exist:.........................................passed
And the following rooms exist:..............................................passed
When I create a reservation for non-existent guest "nonexistent@email.com"..passed
Then the reservation creation should fail...................................passed
And I should receive an error about guest not found.........................passed
]]></system-out>
</testcase>
<testcase classname="Reservation Management" name="Create reservation for unavailable room" time="0.028">
<system-out><![CDATA[
Given the system is running.................................................passed
And the database is clean...................................................passed
And the following room types exist:.........................................passed
And the following rooms exist:..............................................passed
Given a guest exists with email "guest@email.com"...........................passed
And room "101" is occupied from "2026-03-01" to "2026-03-05"................passed
When I create a reservation for room "101" from "2026-03-02" to "2026-03-04".passed
Then the reservation creation should fail...................................passed
And I should receive an error about room availability.......................passed
]]></system-out>
</testcase>
<testcase classname="Reservation Management" name="Check-in a confirmed reservation" time="0.031">
<system-out><![CDATA[
Given the system is running.................................................passed
And the database is clean...................................................passed
And the following room types exist:.........................................passed
And the following rooms exist:..............................................passed
Given a guest exists with email "checkin@email.com".........................passed
And a confirmed reservation exists for the guest............................passed
When I check-in the reservation.............................................passed
Then the reservation status should be CHECKED_IN............................passed
And the check-in date should be recorded....................................passed
And the room status should be OCCUPIED......................................passed
]]></system-out>
</testcase>
<testcase classname="Reservation Management" name="Check-out a checked-in reservation" time="0.035">
<system-out><![CDATA[
Given the system is running.................................................passed
And the database is clean...................................................passed
And the following room types exist:.........................................passed
And the following rooms exist:..............................................passed
Given a guest exists with email "checkout@email.com"........................passed
And a checked-in reservation exists for the guest...........................passed
When I check-out the reservation............................................passed
Then the reservation status should be CHECKED_OUT...........................passed
And the check-out date should be recorded...................................passed
And the room status should be AVAILABLE.....................................passed
]]></system-out>
</testcase>
<testcase classname="Reservation Management" name="List reservations for a date range" time="0.036">
<system-out><![CDATA[
Given the system is running.................................................passed
And the database is clean...................................................passed
And the following room types exist:.........................................passed
And the following rooms exist:..............................................passed
Given a guest exists with email "list@email.com"............................passed
And the following reservations exist:.......................................passed
When I request reservations for March 2026..................................passed
Then I should receive 2 reservations........................................passed
And all reservations should be within the requested date range..............passed
]]></system-out>
</testcase>
<testcase classname="Reservation Management" name="Calculate pricing based on stay duration" time="0.023">
<system-out><![CDATA[
Given the system is running.................................................passed
And the database is clean...................................................passed
And the following room types exist:.........................................passed
And the following rooms exist:..............................................passed
Given a guest exists with email "pricing@email.com".........................passed
When I create a reservation for 7 nights in a Single room...................passed
Then the system should apply long stay discount.............................passed
And the total amount should reflect the discounted price....................passed
]]></system-out>
</testcase>
<testcase classname="Room Management" name="Create a new room type successfully" time="0.003">
<system-out><![CDATA[
Given the system is running.................................................passed
And the database is clean...................................................passed
When I create a room type with the following details:.......................passed
Then the room type should be created successfully...........................passed
And the room type should have a unique ID...................................passed
]]></system-out>
</testcase>
<testcase classname="Room Management" name="Create a new room successfully" time="0.007">
<system-out><![CDATA[
Given the system is running.................................................passed
And the database is clean...................................................passed
Given a room type "Single" exists with base price 50.00.....................passed
When I create a room with the following details:............................passed
Then the room should be created successfully................................passed
And the room should have a unique ID........................................passed
And the room status should be AVAILABLE.....................................passed
]]></system-out>
</testcase>
<testcase classname="Room Management" name="Create room with duplicate number" time="0.007">
<system-out><![CDATA[
Given the system is running.................................................passed
And the database is clean...................................................passed
Given a room "101" already exists...........................................passed
When I create a new room with number "101"..................................passed
Then the room creation should fail..........................................passed
And I should receive an error about duplicate room number...................passed
]]></system-out>
</testcase>
<testcase classname="Room Management" name="List all available rooms" time="0.028">
<system-out><![CDATA[
Given the system is running.................................................passed
And the database is clean...................................................passed
Given the following rooms exist:............................................passed
When I request all available rooms..........................................passed
Then I should receive 2 rooms...............................................passed
And all returned rooms should have status AVAILABLE.........................passed
]]></system-out>
</testcase>
<testcase classname="Room Management" name="Find available rooms by criteria" time="0.061">
<system-out><![CDATA[
Given the system is running.................................................passed
And the database is clean...................................................passed
Given the following rooms exist with room types:............................passed
When I search for available rooms with capacity for 2 guests................passed
Then I should receive rooms that can accommodate 2 or more guests...........passed
And all returned rooms should have status AVAILABLE.........................passed
]]></system-out>
</testcase>
<testcase classname="Room Management" name="Change room status for maintenance" time="0.012">
<system-out><![CDATA[
Given the system is running.................................................passed
And the database is clean...................................................passed
Given a room "201" exists with status AVAILABLE.............................passed
When I change the room status to MAINTENANCE................................passed
Then the room status should be updated to MAINTENANCE.......................passed
And the room should not appear in available rooms list......................passed
]]></system-out>
</testcase>
<testcase classname="Room Management" name="Search rooms by date availability" time="0.035">
<system-out><![CDATA[
Given the system is running.................................................passed
And the database is clean...................................................passed
Given the following rooms exist:............................................passed
And room "301" has reservation from "2026-03-01" to "2026-03-05"............passed
When I search for available rooms from "2026-03-02" to "2026-03-04".........passed
Then I should receive only room "302".......................................passed
And room "301" should not be included due to existing reservation...........passed
]]></system-out>
</testcase>
</testsuite>
